<?xml version="1.0" encoding="UTF-8"?>
<!-- Generated by org.testng.reporters.JUnitReportReporter -->
<testsuite skipped="0" hostname="Dirun-L" name="qaclickacademy.AppiumTest" tests="2" failures="0" timestamp="19 Jul 2019 12:47:28 GMT" time="0.010" errors="0">
  <testcase name="IosApp" time="0.009" classname="qaclickacademy.AppiumTest"/>
  <testcase name="NativeAppAndroid" time="0.001" classname="qaclickacademy.AppiumTest"/>
</testsuite> <!-- qaclickacademy.AppiumTest -->
