<?xml version="1.0" encoding="UTF-8"?>
<!-- Generated by org.testng.reporters.JUnitReportReporter -->
<testsuite skipped="0" hostname="Dirun-L" name="qaclickacademy.SeleniumTest" tests="2" failures="0" timestamp="19 Jul 2019 12:47:28 GMT" time="0.003" errors="0">
  <testcase name="elementsUi" time="0.002" classname="qaclickacademy.SeleniumTest"/>
  <testcase name="BrowserAutomation" time="0.001" classname="qaclickacademy.SeleniumTest"/>
</testsuite> <!-- qaclickacademy.SeleniumTest -->
