<?xml version="1.0" encoding="UTF-8"?>
<!-- Generated by org.testng.reporters.JUnitReportReporter -->
<testsuite skipped="0" hostname="Dirun-L" name="qaclickacademy.RestAPITest" tests="2" failures="0" timestamp="19 Jul 2019 12:47:28 GMT" time="0.002" errors="0">
  <testcase name="deleteTwitter" time="0.000" classname="qaclickacademy.RestAPITest"/>
  <testcase name="PostJira" time="0.002" classname="qaclickacademy.RestAPITest"/>
</testsuite> <!-- qaclickacademy.RestAPITest -->
