<?xml version="1.0" encoding="UTF-8"?>
<!-- Generated by org.testng.reporters.JUnitReportReporter -->
<testsuite skipped="0" hostname="Dirun-L" name="qaclickacademy.AppiumTest" tests="2" failures="0" timestamp="19 Jul 2019 19:15:43 GMT" time="0.000" errors="0">
  <testcase name="IosApp" time="0.000" classname="qaclickacademy.AppiumTest"/>
  <testcase name="NativeAppAndroid" time="0.000" classname="qaclickacademy.AppiumTest"/>
</testsuite> <!-- qaclickacademy.AppiumTest -->
